-------------------------------------------------------------------------------
Test set: RestAssuredGetAllureTest
-------------------------------------------------------------------------------
Tests run: 3, Failures: 2, Errors: 0, Skipped: 0, Time elapsed: 5.094 s <<< FAILURE! - in RestAssuredGetAllureTest
checkUserName(RestAssuredGetAllureTest)  Time elapsed: 4.312 s  <<< FAILURE!
java.lang.AssertionError: 
1 expectation failed.
JSON path data.name doesn't match.
Expected: Ð’Ð°ÑÐ¸Ð»Ð¸Ð¹ Ð’Ð°ÑÐ¸Ð»ÑŒÐµÐ²
  Actual: Âàñèëèé Âàñèëüåâ

	at RestAssuredGetAllureTest.checkUserName(RestAssuredGetAllureTest.java:41)

checkUserNameAndPrintResponseBody(RestAssuredGetAllureTest)  Time elapsed: 0.297 s  <<< FAILURE!
java.lang.AssertionError: 
1 expectation failed.
JSON path data.name doesn't match.
Expected: ÑÑŽÐ´Ð° Ð²Ð¿Ð¸ÑˆÐ¸ Ð¸Ð¼Ñ Ð¿Ð¾Ð»ÑŒÐ·Ð¾Ð²Ð°Ñ‚ÐµÐ»Ñ
  Actual: Âàñèëèé Âàñèëüåâ

	at RestAssuredGetAllureTest.compareUserNameToText(RestAssuredGetAllureTest.java:71)
	at RestAssuredGetAllureTest.checkUserNameAndPrintResponseBody(RestAssuredGetAllureTest.java:54)

